2025/06/17‐08:15:38 [restartedMain] INFO  com.jsdc.ybpt.Application- Starting Application using Java 1.8.0_442 on mac-mini.local with PID 90997 (/Users/wangyan/Desktop/ybpt/ybpt-web/target/classes started by wangyan in /Users/wangyan/Desktop/ybpt)
2025/06/17‐08:15:38 [restartedMain] DEBUG com.jsdc.ybpt.Application- Running with Spring Boot v2.6.3, Spring v5.3.15
2025/06/17‐08:15:38 [restartedMain] INFO  com.jsdc.ybpt.Application- The following profiles are active: api
2025/06/17‐08:15:38 [restartedMain] INFO  org.springframework.boot.devtools.restart.ChangeableUrls- The Class-Path manifest attribute in /Users/wangyan/.m2/repository/com/oracle/database/jdbc/ojdbc8/21.3.0.0/ojdbc8-21.3.0.0.jar referenced one or more files that do not exist: file:/Users/wangyan/.m2/repository/com/oracle/database/jdbc/ojdbc8/21.3.0.0/oraclepki.jar
2025/06/17‐08:15:38 [restartedMain] INFO  org.springframework.boot.devtools.restart.ChangeableUrls- The Class-Path manifest attribute in /Users/wangyan/.m2/repository/cn/easyproject/orai18n/11.2.0.4/orai18n-11.2.0.4.jar referenced one or more files that do not exist: file:/Users/wangyan/.m2/repository/cn/easyproject/orai18n/11.2.0.4/orai18n-mapping.jar,file:/Users/wangyan/.m2/repository/cn/easyproject/orai18n/11.2.0.4/orai18n-utility.jar,file:/Users/wangyan/.m2/repository/cn/easyproject/orai18n/11.2.0.4/orai18n-collation.jar,file:/Users/wangyan/.m2/repository/cn/easyproject/orai18n/11.2.0.4/orai18n-translation.jar,file:/Users/wangyan/.m2/repository/cn/easyproject/orai18n/11.2.0.4/orai18n-net.jar,file:/Users/wangyan/.m2/repository/cn/easyproject/orai18n/11.2.0.4/orai18n-servlet.jar,file:/Users/wangyan/.m2/repository/cn/easyproject/orai18n/11.2.0.4/orai18n-lcsd.jar,file:/Users/wangyan/.m2/repository/cn/easyproject/orai18n/11.2.0.4/orai18n-tools.jar,file:/Users/wangyan/.m2/repository/cn/easyproject/orai18n/11.2.0.4/gdk_custom.jar
2025/06/17‐08:15:38 [restartedMain] INFO  org.springframework.boot.devtools.env.DevToolsPropertyDefaultsPostProcessor- Devtools property defaults active! Set 'spring.devtools.add-properties' to 'false' to disable
2025/06/17‐08:15:38 [restartedMain] INFO  org.springframework.boot.devtools.env.DevToolsPropertyDefaultsPostProcessor- For additional web related logging consider setting the 'logging.level.web' property to 'DEBUG'
2025/06/17‐08:15:39 [restartedMain] INFO  org.springframework.data.repository.config.RepositoryConfigurationDelegate- Multiple Spring Data modules found, entering strict repository configuration mode!
2025/06/17‐08:15:39 [restartedMain] INFO  org.springframework.data.repository.config.RepositoryConfigurationDelegate- Bootstrapping Spring Data JPA repositories in DEFAULT mode.
2025/06/17‐08:15:39 [restartedMain] INFO  org.springframework.data.repository.config.RepositoryConfigurationDelegate- Finished Spring Data repository scanning in 25 ms. Found 0 JPA repository interfaces.
2025/06/17‐08:15:39 [restartedMain] INFO  org.springframework.data.repository.config.RepositoryConfigurationDelegate- Multiple Spring Data modules found, entering strict repository configuration mode!
2025/06/17‐08:15:39 [restartedMain] INFO  org.springframework.data.repository.config.RepositoryConfigurationDelegate- Bootstrapping Spring Data Redis repositories in DEFAULT mode.
2025/06/17‐08:15:39 [restartedMain] INFO  org.springframework.data.repository.config.RepositoryConfigurationDelegate- Finished Spring Data repository scanning in 16 ms. Found 0 Redis repository interfaces.
2025/06/17‐08:15:39 [restartedMain] INFO  org.springframework.cloud.context.scope.GenericScope- BeanFactory id=8f5d05f3-b9f5-3709-881d-b9c2587be3ef
2025/06/17‐08:15:40 [restartedMain] INFO  org.springframework.context.support.PostProcessorRegistrationDelegate$BeanPostProcessorChecker- Bean 'org.springframework.cloud.commons.config.CommonsConfigAutoConfiguration' of type [org.springframework.cloud.commons.config.CommonsConfigAutoConfiguration] is not eligible for getting processed by all BeanPostProcessors (for example: not eligible for auto-proxying)
2025/06/17‐08:15:40 [restartedMain] INFO  org.springframework.context.support.PostProcessorRegistrationDelegate$BeanPostProcessorChecker- Bean 'org.springframework.cloud.client.loadbalancer.LoadBalancerDefaultMappingsProviderAutoConfiguration' of type [org.springframework.cloud.client.loadbalancer.LoadBalancerDefaultMappingsProviderAutoConfiguration] is not eligible for getting processed by all BeanPostProcessors (for example: not eligible for auto-proxying)
2025/06/17‐08:15:40 [restartedMain] INFO  org.springframework.context.support.PostProcessorRegistrationDelegate$BeanPostProcessorChecker- Bean 'loadBalancerClientsDefaultsMappingsProvider' of type [org.springframework.cloud.client.loadbalancer.LoadBalancerDefaultMappingsProviderAutoConfiguration$$Lambda$459/130798515] is not eligible for getting processed by all BeanPostProcessors (for example: not eligible for auto-proxying)
2025/06/17‐08:15:40 [restartedMain] INFO  org.springframework.context.support.PostProcessorRegistrationDelegate$BeanPostProcessorChecker- Bean 'defaultsBindHandlerAdvisor' of type [org.springframework.cloud.commons.config.DefaultsBindHandlerAdvisor] is not eligible for getting processed by all BeanPostProcessors (for example: not eligible for auto-proxying)
2025/06/17‐08:15:40 [restartedMain] INFO  org.springframework.context.support.PostProcessorRegistrationDelegate$BeanPostProcessorChecker- Bean 'spring.datasource.dynamic-com.baomidou.dynamic.datasource.spring.boot.autoconfigure.DynamicDataSourceProperties' of type [com.baomidou.dynamic.datasource.spring.boot.autoconfigure.DynamicDataSourceProperties] is not eligible for getting processed by all BeanPostProcessors (for example: not eligible for auto-proxying)
2025/06/17‐08:15:40 [restartedMain] INFO  org.springframework.context.support.PostProcessorRegistrationDelegate$BeanPostProcessorChecker- Bean 'com.baomidou.dynamic.datasource.spring.boot.autoconfigure.DynamicDataSourceAutoConfiguration' of type [com.baomidou.dynamic.datasource.spring.boot.autoconfigure.DynamicDataSourceAutoConfiguration$$EnhancerBySpringCGLIB$$48cf51b5] is not eligible for getting processed by all BeanPostProcessors (for example: not eligible for auto-proxying)
2025/06/17‐08:15:40 [restartedMain] INFO  org.springframework.context.support.PostProcessorRegistrationDelegate$BeanPostProcessorChecker- Bean 'dsProcessor' of type [com.baomidou.dynamic.datasource.processor.DsHeaderProcessor] is not eligible for getting processed by all BeanPostProcessors (for example: not eligible for auto-proxying)
2025/06/17‐08:15:40 [restartedMain] INFO  org.springframework.boot.web.embedded.tomcat.TomcatWebServer- Tomcat initialized with port(s): 8080 (http)
2025/06/17‐08:15:40 [restartedMain] INFO  org.apache.catalina.core.StandardService- Starting service [Tomcat]
2025/06/17‐08:15:40 [restartedMain] INFO  org.apache.catalina.core.StandardEngine- Starting Servlet engine: [Apache Tomcat/9.0.56]
2025/06/17‐08:15:40 [restartedMain] INFO  org.apache.catalina.core.ContainerBase.[Tomcat].[localhost].[/]- Initializing Spring embedded WebApplicationContext
2025/06/17‐08:15:40 [restartedMain] INFO  org.springframework.boot.web.servlet.context.ServletWebServerApplicationContext- Root WebApplicationContext: initialization completed in 1763 ms
2025/06/17‐08:15:40 [restartedMain] WARN  com.alibaba.druid.pool.DruidAbstractDataSource- oracle.jdbc.driver.OracleDriver is deprecated.Having use oracle.jdbc.OracleDriver.
2025/06/17‐08:15:40 [restartedMain] INFO  com.alibaba.druid.pool.DruidDataSource- {dataSource-1,master} inited
2025/06/17‐08:15:40 [restartedMain] WARN  com.alibaba.druid.pool.DruidAbstractDataSource- oracle.jdbc.driver.OracleDriver is deprecated.Having use oracle.jdbc.OracleDriver.
2025/06/17‐08:15:40 [restartedMain] INFO  com.alibaba.druid.pool.DruidDataSource- {dataSource-2,reflowData} inited
2025/06/17‐08:15:40 [restartedMain] INFO  com.baomidou.dynamic.datasource.DynamicRoutingDataSource- dynamic-datasource - add a datasource named [master] success
2025/06/17‐08:15:40 [restartedMain] INFO  com.baomidou.dynamic.datasource.DynamicRoutingDataSource- dynamic-datasource - add a datasource named [reflowData] success
2025/06/17‐08:15:40 [restartedMain] INFO  com.baomidou.dynamic.datasource.DynamicRoutingDataSource- dynamic-datasource initial loaded [2] datasource,primary datasource named [master]
2025/06/17‐08:15:40 [restartedMain] INFO  org.hibernate.jpa.internal.util.LogHelper- HHH000204: Processing PersistenceUnitInfo [name: default]
2025/06/17‐08:15:40 [restartedMain] INFO  org.hibernate.Version- HHH000412: Hibernate ORM core version 5.6.4.Final
2025/06/17‐08:15:41 [restartedMain] INFO  org.hibernate.annotations.common.Version- HCANN000001: Hibernate Commons Annotations {5.1.2.Final}
2025/06/17‐08:15:41 [restartedMain] INFO  org.hibernate.dialect.Dialect- HHH000400: Using dialect: org.hibernate.dialect.Oracle10gDialect
2025/06/17‐08:15:44 [restartedMain] INFO  org.hibernate.engine.transaction.jta.platform.internal.JtaPlatformInitiator- HHH000490: Using JtaPlatform implementation: [org.hibernate.engine.transaction.jta.platform.internal.NoJtaPlatform]
2025/06/17‐08:15:44 [restartedMain] INFO  org.springframework.orm.jpa.LocalContainerEntityManagerFactoryBean- Initialized JPA EntityManagerFactory for persistence unit 'default'
2025/06/17‐08:15:45 [restartedMain] WARN  com.baomidou.mybatisplus.core.metadata.TableInfoHelper- Can not find table primary key in Class: "com.jsdc.ybpt.vo.OpspDiseListBVo".
2025/06/17‐08:15:45 [restartedMain] WARN  com.baomidou.mybatisplus.core.injector.DefaultSqlInjector- class com.jsdc.ybpt.vo.OpspDiseListBVo ,Not found @TableId annotation, Cannot use Mybatis-Plus 'xxById' Method.
2025/06/17‐08:15:45 [restartedMain] WARN  com.baomidou.mybatisplus.core.metadata.TableInfoHelper- Can not find table primary key in Class: "com.jsdc.ybpt.model_query.medicalOrg.MedicalDept".
2025/06/17‐08:15:45 [restartedMain] WARN  com.baomidou.mybatisplus.core.injector.DefaultSqlInjector- class com.jsdc.ybpt.model_query.medicalOrg.MedicalDept ,Not found @TableId annotation, Cannot use Mybatis-Plus 'xxById' Method.
2025/06/17‐08:15:46 [restartedMain] WARN  com.baomidou.mybatisplus.core.metadata.TableInfoHelper- Can not find table primary key in Class: "com.jsdc.ybpt.vo.NatDataDicAVo".
2025/06/17‐08:15:46 [restartedMain] WARN  com.baomidou.mybatisplus.core.injector.DefaultSqlInjector- class com.jsdc.ybpt.vo.NatDataDicAVo ,Not found @TableId annotation, Cannot use Mybatis-Plus 'xxById' Method.
2025/06/17‐08:15:46 [restartedMain] WARN  com.baomidou.mybatisplus.core.metadata.TableInfoHelper- Can not find table primary key in Class: "com.jsdc.ybpt.model_query.DatadictypeA".
2025/06/17‐08:15:46 [restartedMain] WARN  com.baomidou.mybatisplus.core.injector.DefaultSqlInjector- class com.jsdc.ybpt.model_query.DatadictypeA ,Not found @TableId annotation, Cannot use Mybatis-Plus 'xxById' Method.
2025/06/17‐08:15:46 [restartedMain] WARN  com.baomidou.mybatisplus.core.metadata.TableInfoHelper- Can not find table primary key in Class: "com.jsdc.ybpt.vo.DiagListBVo".
2025/06/17‐08:15:46 [restartedMain] WARN  com.baomidou.mybatisplus.core.injector.DefaultSqlInjector- class com.jsdc.ybpt.vo.DiagListBVo ,Not found @TableId annotation, Cannot use Mybatis-Plus 'xxById' Method.
2025/06/17‐08:15:46 [restartedMain] WARN  com.baomidou.mybatisplus.core.metadata.TableInfoHelper- Can not find table primary key in Class: "com.jsdc.ybpt.directory.CatalogItem".
2025/06/17‐08:15:46 [restartedMain] WARN  com.baomidou.mybatisplus.core.injector.DefaultSqlInjector- class com.jsdc.ybpt.directory.CatalogItem ,Not found @TableId annotation, Cannot use Mybatis-Plus 'xxById' Method.
2025/06/17‐08:15:47 [restartedMain] WARN  com.baomidou.mybatisplus.core.metadata.TableInfoHelper- Can not find table primary key in Class: "com.jsdc.ybpt.model_query.HilistB".
2025/06/17‐08:15:47 [restartedMain] WARN  com.baomidou.mybatisplus.core.injector.DefaultSqlInjector- class com.jsdc.ybpt.model_query.HilistB ,Not found @TableId annotation, Cannot use Mybatis-Plus 'xxById' Method.
2025/06/17‐08:15:47 [restartedMain] WARN  com.baomidou.mybatisplus.core.metadata.TableInfoHelper- Can not find table primary key in Class: "com.jsdc.ybpt.model_query.HilistlmtpricD".
2025/06/17‐08:15:47 [restartedMain] WARN  com.baomidou.mybatisplus.core.injector.DefaultSqlInjector- class com.jsdc.ybpt.model_query.HilistlmtpricD ,Not found @TableId annotation, Cannot use Mybatis-Plus 'xxById' Method.
2025/06/17‐08:15:47 [restartedMain] WARN  com.baomidou.mybatisplus.core.metadata.TableInfoHelper- Can not find table primary key in Class: "com.jsdc.ybpt.model_query.HilistselfpaypropB".
2025/06/17‐08:15:47 [restartedMain] WARN  com.baomidou.mybatisplus.core.injector.DefaultSqlInjector- class com.jsdc.ybpt.model_query.HilistselfpaypropB ,Not found @TableId annotation, Cannot use Mybatis-Plus 'xxById' Method.
2025/06/17‐08:15:47 [restartedMain] WARN  com.baomidou.mybatisplus.core.metadata.TableInfoHelper- Can not find table primary key in Class: "com.jsdc.ybpt.vo.MedinsInfoBVo".
2025/06/17‐08:15:47 [restartedMain] WARN  com.baomidou.mybatisplus.core.injector.DefaultSqlInjector- class com.jsdc.ybpt.vo.MedinsInfoBVo ,Not found @TableId annotation, Cannot use Mybatis-Plus 'xxById' Method.
2025/06/17‐08:15:47 [restartedMain] WARN  com.baomidou.mybatisplus.core.metadata.TableInfoHelper- Can not find table primary key in Class: "com.jsdc.ybpt.model_query.PersonInfo".
2025/06/17‐08:15:47 [restartedMain] WARN  com.baomidou.mybatisplus.core.injector.DefaultSqlInjector- class com.jsdc.ybpt.model_query.PersonInfo ,Not found @TableId annotation, Cannot use Mybatis-Plus 'xxById' Method.
2025/06/17‐08:15:47 [restartedMain] WARN  com.baomidou.mybatisplus.core.metadata.TableInfoHelper- Can not find table primary key in Class: "com.jsdc.ybpt.vo.PharInfoBVo".
2025/06/17‐08:15:47 [restartedMain] WARN  com.baomidou.mybatisplus.core.injector.DefaultSqlInjector- class com.jsdc.ybpt.vo.PharInfoBVo ,Not found @TableId annotation, Cannot use Mybatis-Plus 'xxById' Method.
2025/06/17‐08:15:47 [restartedMain] WARN  com.baomidou.mybatisplus.core.metadata.TableInfoHelper- Can not find table primary key in Class: "com.jsdc.ybpt.model_query.reimbursement.BirthSettlement".
2025/06/17‐08:15:47 [restartedMain] WARN  com.baomidou.mybatisplus.core.injector.DefaultSqlInjector- class com.jsdc.ybpt.model_query.reimbursement.BirthSettlement ,Not found @TableId annotation, Cannot use Mybatis-Plus 'xxById' Method.
2025/06/17‐08:15:47 [restartedMain] WARN  com.baomidou.mybatisplus.core.metadata.TableInfoHelper- Can not find table primary key in Class: "com.jsdc.ybpt.vo.PsnFixMainDetlDVo".
2025/06/17‐08:15:47 [restartedMain] WARN  com.baomidou.mybatisplus.core.injector.DefaultSqlInjector- class com.jsdc.ybpt.vo.PsnFixMainDetlDVo ,Not found @TableId annotation, Cannot use Mybatis-Plus 'xxById' Method.
2025/06/17‐08:15:47 [restartedMain] WARN  com.baomidou.mybatisplus.core.metadata.TableInfoHelper- Can not find table primary key in Class: "com.jsdc.ybpt.specialDrugFiling.SpecialDrugFiling".
2025/06/17‐08:15:47 [restartedMain] WARN  com.baomidou.mybatisplus.core.injector.DefaultSqlInjector- class com.jsdc.ybpt.specialDrugFiling.SpecialDrugFiling ,Not found @TableId annotation, Cannot use Mybatis-Plus 'xxById' Method.
2025/06/17‐08:15:48 [restartedMain] DEBUG com.jsdc.ybpt.mapper.SysDictMapper.selectList- ==>  Preparing: SELECT id,label,value,parent_id,dict_type,memo,createUser,createTime,updateUser,updateTime,is_del FROM sys_dict WHERE (dict_type = ?)
2025/06/17‐08:15:48 [restartedMain] DEBUG com.jsdc.ybpt.mapper.SysDictMapper.selectList- ==> Parameters: admdvs-area(String)
2025/06/17‐08:15:48 [restartedMain] DEBUG com.jsdc.ybpt.mapper.SysDictMapper.selectList- <==      Total: 8
2025/06/17‐08:15:48 [restartedMain] DEBUG com.jsdc.ybpt.mapper.SysDictMapper.selectList- ==>  Preparing: SELECT id,label,value,parent_id,dict_type,memo,createUser,createTime,updateUser,updateTime,is_del FROM sys_dict WHERE (dict_type = ?)
2025/06/17‐08:15:48 [restartedMain] DEBUG com.jsdc.ybpt.mapper.SysDictMapper.selectList- ==> Parameters: LMTPRIC_HOSP_LV(String)
2025/06/17‐08:15:48 [restartedMain] DEBUG com.jsdc.ybpt.mapper.SysDictMapper.selectList- <==      Total: 3
2025/06/17‐08:15:48 [restartedMain] DEBUG com.jsdc.ybpt.mapper.SysDictMapper.selectList- ==>  Preparing: SELECT id,label,value,parent_id,dict_type,memo,createUser,createTime,updateUser,updateTime,is_del FROM sys_dict WHERE (dict_type = ?)
2025/06/17‐08:15:48 [restartedMain] DEBUG com.jsdc.ybpt.mapper.SysDictMapper.selectList- ==> Parameters: operator(String)
2025/06/17‐08:15:48 [restartedMain] DEBUG com.jsdc.ybpt.mapper.SysDictMapper.selectList- <==      Total: 3
2025/06/17‐08:15:48 [restartedMain] WARN  com.baomidou.mybatisplus.core.metadata.TableInfoHelper- Can not find table primary key in Class: "com.jsdc.ybpt.model_query.OpspdiselistB".
2025/06/17‐08:15:48 [restartedMain] WARN  com.baomidou.mybatisplus.core.injector.DefaultSqlInjector- class com.jsdc.ybpt.model_query.OpspdiselistB ,Not found @TableId annotation, Cannot use Mybatis-Plus 'xxById' Method.
2025/06/17‐08:15:49 [restartedMain] WARN  org.springframework.boot.autoconfigure.orm.jpa.JpaBaseConfiguration$JpaWebConfiguration- spring.jpa.open-in-view is enabled by default. Therefore, database queries may be performed during view rendering. Explicitly configure spring.jpa.open-in-view to disable this warning
2025/06/17‐08:15:50 [restartedMain] INFO  org.springframework.boot.devtools.autoconfigure.OptionalLiveReloadServer- LiveReload server is running on port 35729
2025/06/17‐08:15:50 [restartedMain] INFO  org.springframework.boot.web.embedded.tomcat.TomcatWebServer- Tomcat started on port(s): 8080 (http) with context path ''
2025/06/17‐08:15:50 [restartedMain] ERROR com.alibaba.cloud.nacos.registry.NacosServiceRegistry- nacos registry, webApi register failed...NacosRegistration{nacosDiscoveryProperties=NacosDiscoveryProperties{serverAddr='127.0.0.1:8848', username='', password='', endpoint='', namespace='', watchDelay=30000, logName='', service='webApi', weight=1.0, clusterName='DEFAULT', group='DEFAULT_GROUP', namingLoadCacheAtStart='false', metadata={preserved.register.source=SPRING_CLOUD}, registerEnabled=true, ip='172.168.10.59', networkInterface='', port=8080, secure=false, accessKey='', secretKey='', heartBeatInterval=null, heartBeatTimeout=null, ipDeleteTimeout=null, instanceEnabled=true, ephemeral=true, failureToleranceEnabled=false}, ipDeleteTimeout=null, failFast=true}},
com.alibaba.nacos.api.exception.NacosException: failed to req API:/nacos/v1/ns/instance after all servers([127.0.0.1:8848]) tried: java.net.ConnectException: Connection refused (Connection refused)
	at com.alibaba.nacos.client.naming.net.NamingProxy.reqApi(NamingProxy.java:556)
	at com.alibaba.nacos.client.naming.net.NamingProxy.reqApi(NamingProxy.java:498)
	at com.alibaba.nacos.client.naming.net.NamingProxy.reqApi(NamingProxy.java:493)
	at com.alibaba.nacos.client.naming.net.NamingProxy.registerService(NamingProxy.java:246)
	at com.alibaba.nacos.client.naming.NacosNamingService.registerInstance(NacosNamingService.java:212)
	at com.alibaba.cloud.nacos.registry.NacosServiceRegistry.register(NacosServiceRegistry.java:74)
	at org.springframework.cloud.client.serviceregistry.AbstractAutoServiceRegistration.register(AbstractAutoServiceRegistration.java:232)
	at com.alibaba.cloud.nacos.registry.NacosAutoServiceRegistration.register(NacosAutoServiceRegistration.java:78)
	at org.springframework.cloud.client.serviceregistry.AbstractAutoServiceRegistration.start(AbstractAutoServiceRegistration.java:133)
	at org.springframework.cloud.client.serviceregistry.AbstractAutoServiceRegistration.bind(AbstractAutoServiceRegistration.java:98)
	at org.springframework.cloud.client.serviceregistry.AbstractAutoServiceRegistration.onApplicationEvent(AbstractAutoServiceRegistration.java:86)
	at org.springframework.cloud.client.serviceregistry.AbstractAutoServiceRegistration.onApplicationEvent(AbstractAutoServiceRegistration.java:47)
	at org.springframework.context.event.SimpleApplicationEventMulticaster.doInvokeListener(SimpleApplicationEventMulticaster.java:176)
	at org.springframework.context.event.SimpleApplicationEventMulticaster.invokeListener(SimpleApplicationEventMulticaster.java:169)
	at org.springframework.context.event.SimpleApplicationEventMulticaster.multicastEvent(SimpleApplicationEventMulticaster.java:143)
	at org.springframework.context.support.AbstractApplicationContext.publishEvent(AbstractApplicationContext.java:421)
	at org.springframework.context.support.AbstractApplicationContext.publishEvent(AbstractApplicationContext.java:378)
	at org.springframework.boot.web.servlet.context.WebServerStartStopLifecycle.start(WebServerStartStopLifecycle.java:46)
	at org.springframework.context.support.DefaultLifecycleProcessor.doStart(DefaultLifecycleProcessor.java:178)
	at org.springframework.context.support.DefaultLifecycleProcessor.access$200(DefaultLifecycleProcessor.java:54)
	at org.springframework.context.support.DefaultLifecycleProcessor$LifecycleGroup.start(DefaultLifecycleProcessor.java:356)
	at java.lang.Iterable.forEach(Iterable.java:75)
	at org.springframework.context.support.DefaultLifecycleProcessor.startBeans(DefaultLifecycleProcessor.java:155)
	at org.springframework.context.support.DefaultLifecycleProcessor.onRefresh(DefaultLifecycleProcessor.java:123)
	at org.springframework.context.support.AbstractApplicationContext.finishRefresh(AbstractApplicationContext.java:935)
	at org.springframework.context.support.AbstractApplicationContext.refresh(AbstractApplicationContext.java:586)
	at org.springframework.boot.web.servlet.context.ServletWebServerApplicationContext.refresh(ServletWebServerApplicationContext.java:145)
	at org.springframework.boot.SpringApplication.refresh(SpringApplication.java:732)
	at org.springframework.boot.SpringApplication.refreshContext(SpringApplication.java:414)
	at org.springframework.boot.SpringApplication.run(SpringApplication.java:302)
	at org.springframework.boot.SpringApplication.run(SpringApplication.java:1303)
	at org.springframework.boot.SpringApplication.run(SpringApplication.java:1292)
	at com.jsdc.ybpt.Application.main(Application.java:18)
	at sun.reflect.NativeMethodAccessorImpl.invoke0(Native Method)
	at sun.reflect.NativeMethodAccessorImpl.invoke(NativeMethodAccessorImpl.java:62)
	at sun.reflect.DelegatingMethodAccessorImpl.invoke(DelegatingMethodAccessorImpl.java:43)
	at java.lang.reflect.Method.invoke(Method.java:498)
	at org.springframework.boot.devtools.restart.RestartLauncher.run(RestartLauncher.java:49)
2025/06/17‐08:15:50 [restartedMain] WARN  org.springframework.boot.web.servlet.context.AnnotationConfigServletWebServerApplicationContext- Exception encountered during context initialization - cancelling refresh attempt: org.springframework.context.ApplicationContextException: Failed to start bean 'webServerStartStop'; nested exception is java.lang.reflect.UndeclaredThrowableException
2025/06/17‐08:16:00 [restartedMain] INFO  org.springframework.orm.jpa.LocalContainerEntityManagerFactoryBean- Closing JPA EntityManagerFactory for persistence unit 'default'
2025/06/17‐08:16:00 [restartedMain] INFO  com.baomidou.dynamic.datasource.DynamicRoutingDataSource- dynamic-datasource start closing ....
2025/06/17‐08:16:00 [restartedMain] INFO  com.alibaba.druid.pool.DruidDataSource- {dataSource-1} closing ...
2025/06/17‐08:16:00 [restartedMain] INFO  com.alibaba.druid.pool.DruidDataSource- {dataSource-1} closed
2025/06/17‐08:16:00 [restartedMain] INFO  com.alibaba.druid.pool.DruidDataSource- {dataSource-2} closing ...
2025/06/17‐08:16:00 [restartedMain] INFO  com.alibaba.druid.pool.DruidDataSource- {dataSource-2} closed
2025/06/17‐08:16:00 [restartedMain] INFO  com.baomidou.dynamic.datasource.DynamicRoutingDataSource- dynamic-datasource all closed success,bye
2025/06/17‐08:16:01 [restartedMain] WARN  org.apache.tomcat.util.net.NioEndpoint- Failed to unlock acceptor for [http-nio-8080] because the local address was not available
2025/06/17‐08:16:01 [restartedMain] INFO  org.apache.catalina.core.StandardService- Stopping service [Tomcat]
2025/06/17‐08:16:01 [http-nio-8080-Acceptor] ERROR org.apache.tomcat.util.net.Acceptor- Socket accept failed
java.nio.channels.AsynchronousCloseException: null
	at java.nio.channels.spi.AbstractInterruptibleChannel.end(AbstractInterruptibleChannel.java:205)
	at sun.nio.ch.ServerSocketChannelImpl.accept(ServerSocketChannelImpl.java:256)
	at org.apache.tomcat.util.net.NioEndpoint.serverSocketAccept(NioEndpoint.java:542)
	at org.apache.tomcat.util.net.NioEndpoint.serverSocketAccept(NioEndpoint.java:78)
	at org.apache.tomcat.util.net.Acceptor.run(Acceptor.java:129)
	at java.lang.Thread.run(Thread.java:750)
2025/06/17‐08:16:01 [restartedMain] INFO  org.springframework.boot.autoconfigure.logging.ConditionEvaluationReportLoggingListener- 

Error starting ApplicationContext. To display the conditions report re-run your application with 'debug' enabled.
2025/06/17‐08:16:01 [restartedMain] ERROR org.springframework.boot.SpringApplication- Application run failed
org.springframework.context.ApplicationContextException: Failed to start bean 'webServerStartStop'; nested exception is java.lang.reflect.UndeclaredThrowableException
	at org.springframework.context.support.DefaultLifecycleProcessor.doStart(DefaultLifecycleProcessor.java:181)
	at org.springframework.context.support.DefaultLifecycleProcessor.access$200(DefaultLifecycleProcessor.java:54)
	at org.springframework.context.support.DefaultLifecycleProcessor$LifecycleGroup.start(DefaultLifecycleProcessor.java:356)
	at java.lang.Iterable.forEach(Iterable.java:75)
	at org.springframework.context.support.DefaultLifecycleProcessor.startBeans(DefaultLifecycleProcessor.java:155)
	at org.springframework.context.support.DefaultLifecycleProcessor.onRefresh(DefaultLifecycleProcessor.java:123)
	at org.springframework.context.support.AbstractApplicationContext.finishRefresh(AbstractApplicationContext.java:935)
	at org.springframework.context.support.AbstractApplicationContext.refresh(AbstractApplicationContext.java:586)
	at org.springframework.boot.web.servlet.context.ServletWebServerApplicationContext.refresh(ServletWebServerApplicationContext.java:145)
	at org.springframework.boot.SpringApplication.refresh(SpringApplication.java:732)
	at org.springframework.boot.SpringApplication.refreshContext(SpringApplication.java:414)
	at org.springframework.boot.SpringApplication.run(SpringApplication.java:302)
	at org.springframework.boot.SpringApplication.run(SpringApplication.java:1303)
	at org.springframework.boot.SpringApplication.run(SpringApplication.java:1292)
	at com.jsdc.ybpt.Application.main(Application.java:18)
	at sun.reflect.NativeMethodAccessorImpl.invoke0(Native Method)
	at sun.reflect.NativeMethodAccessorImpl.invoke(NativeMethodAccessorImpl.java:62)
	at sun.reflect.DelegatingMethodAccessorImpl.invoke(DelegatingMethodAccessorImpl.java:43)
	at java.lang.reflect.Method.invoke(Method.java:498)
	at org.springframework.boot.devtools.restart.RestartLauncher.run(RestartLauncher.java:49)
Caused by: java.lang.reflect.UndeclaredThrowableException: null
	at org.springframework.util.ReflectionUtils.rethrowRuntimeException(ReflectionUtils.java:147)
	at com.alibaba.cloud.nacos.registry.NacosServiceRegistry.register(NacosServiceRegistry.java:82)
	at org.springframework.cloud.client.serviceregistry.AbstractAutoServiceRegistration.register(AbstractAutoServiceRegistration.java:232)
	at com.alibaba.cloud.nacos.registry.NacosAutoServiceRegistration.register(NacosAutoServiceRegistration.java:78)
	at org.springframework.cloud.client.serviceregistry.AbstractAutoServiceRegistration.start(AbstractAutoServiceRegistration.java:133)
	at org.springframework.cloud.client.serviceregistry.AbstractAutoServiceRegistration.bind(AbstractAutoServiceRegistration.java:98)
	at org.springframework.cloud.client.serviceregistry.AbstractAutoServiceRegistration.onApplicationEvent(AbstractAutoServiceRegistration.java:86)
	at org.springframework.cloud.client.serviceregistry.AbstractAutoServiceRegistration.onApplicationEvent(AbstractAutoServiceRegistration.java:47)
	at org.springframework.context.event.SimpleApplicationEventMulticaster.doInvokeListener(SimpleApplicationEventMulticaster.java:176)
	at org.springframework.context.event.SimpleApplicationEventMulticaster.invokeListener(SimpleApplicationEventMulticaster.java:169)
	at org.springframework.context.event.SimpleApplicationEventMulticaster.multicastEvent(SimpleApplicationEventMulticaster.java:143)
	at org.springframework.context.support.AbstractApplicationContext.publishEvent(AbstractApplicationContext.java:421)
	at org.springframework.context.support.AbstractApplicationContext.publishEvent(AbstractApplicationContext.java:378)
	at org.springframework.boot.web.servlet.context.WebServerStartStopLifecycle.start(WebServerStartStopLifecycle.java:46)
	at org.springframework.context.support.DefaultLifecycleProcessor.doStart(DefaultLifecycleProcessor.java:178)
	... 19 common frames omitted
Caused by: com.alibaba.nacos.api.exception.NacosException: failed to req API:/nacos/v1/ns/instance after all servers([127.0.0.1:8848]) tried: java.net.ConnectException: Connection refused (Connection refused)
	at com.alibaba.nacos.client.naming.net.NamingProxy.reqApi(NamingProxy.java:556)
	at com.alibaba.nacos.client.naming.net.NamingProxy.reqApi(NamingProxy.java:498)
	at com.alibaba.nacos.client.naming.net.NamingProxy.reqApi(NamingProxy.java:493)
	at com.alibaba.nacos.client.naming.net.NamingProxy.registerService(NamingProxy.java:246)
	at com.alibaba.nacos.client.naming.NacosNamingService.registerInstance(NacosNamingService.java:212)
	at com.alibaba.cloud.nacos.registry.NacosServiceRegistry.register(NacosServiceRegistry.java:74)
	... 32 common frames omitted
2025/06/17‐08:16:01 [Thread-32] WARN  com.alibaba.nacos.common.http.HttpClientBeanHolder- [HttpClientBeanHolder] Start destroying common HttpClient
2025/06/17‐08:16:01 [Thread-38] WARN  com.alibaba.nacos.common.notify.NotifyCenter- [NotifyCenter] Start destroying Publisher
2025/06/17‐08:16:01 [Thread-38] WARN  com.alibaba.nacos.common.notify.NotifyCenter- [NotifyCenter] Destruction of the end
2025/06/17‐08:16:01 [Thread-32] WARN  com.alibaba.nacos.common.http.HttpClientBeanHolder- [HttpClientBeanHolder] Destruction of the end
